=================================

CREATE TABLE course ( sid INT , homework INT , project INT , exam INT , grade STR20 ) 
Disk IOs: 0
Execution Time: 0.003537 s

=================================

INSERT INTO course ( sid , homework , project , exam , grade ) VALUES ( 1 , 99 , 100 , 100 , "A" ) 
Disk IOs: 1
Execution Time: 0.074473 s

=================================

SELECT * FROM course 
course.sid course.homework course.project course.exam course.grade 
-----------------
1	99	100	100	A	
-----------------

Disk IOs: 1
Execution Time: 0.074275 s

=================================

INSERT INTO course ( sid , homework , project , exam , grade ) VALUES ( 2 , 0 , 100 , 100 , "E" ) 
Disk IOs: 2
Execution Time: 0.148548 s

=================================

SELECT * FROM course 
course.sid course.homework course.project course.exam course.grade 
-----------------
1	99	100	100	A	
2	0	100	100	E	
-----------------

Disk IOs: 2
Execution Time: 0.1484 s

=================================

INSERT INTO course ( sid , grade , exam , project , homework ) VALUES ( 3 , "E" , 100 , 100 , 100 ) 
Disk IOs: 2
Execution Time: 0.148519 s

=================================

SELECT * FROM course 
course.sid course.homework course.project course.exam course.grade 
-----------------
1	99	100	100	A	
2	0	100	100	E	
3	100	100	100	E	
-----------------

Disk IOs: 3
Execution Time: 0.222352 s

=================================

INSERT INTO course ( sid , homework , project , exam , grade ) SELECT * FROM course 
Disk IOs: 9
Execution Time: 0.666696 s

=================================

SELECT * FROM course 
course.sid course.homework course.project course.exam course.grade 
-----------------
1	99	100	100	A	
2	0	100	100	E	
3	100	100	100	E	
1	99	100	100	A	
2	0	100	100	E	
3	100	100	100	E	
-----------------

Disk IOs: 6
Execution Time: 0.444432 s

=================================

DELETE FROM course WHERE grade = "E" 
Disk IOs: 8
Execution Time: 0.592555 s

=================================

SELECT * FROM course 
course.sid course.homework course.project course.exam course.grade 
-----------------
1	99	100	100	A	
1	99	100	100	A	
-----------------

Disk IOs: 2
Execution Time: 0.148312 s

=================================

INSERT INTO course ( sid , homework , project , exam , grade ) VALUES ( 4 , 99 , 100 , 100 , "B" ) 
Disk IOs: 2
Execution Time: 0.148515 s

=================================

SELECT * FROM course 
course.sid course.homework course.project course.exam course.grade 
-----------------
1	99	100	100	A	
1	99	100	100	A	
4	99	100	100	B	
-----------------

Disk IOs: 3
Execution Time: 0.222347 s

=================================

DELETE FROM course 
Disk IOs: 3
Execution Time: 0.222133 s

=================================

SELECT * FROM course 
Disk IOs: 0
Execution Time: 0.000162 s

=================================

DROP TABLE course 
Disk IOs: 0
Execution Time: 0.000113 s

=================================

CREATE TABLE course ( sid INT , homework INT , project INT , exam INT , grade STR20 ) 
Disk IOs: 0
Execution Time: 0.000483 s

=================================

INSERT INTO course ( sid , homework , project , exam , grade ) VALUES ( 1 , 99 , 100 , 100 , "A" ) 
Disk IOs: 1
Execution Time: 0.07448 s

=================================

INSERT INTO course ( sid , homework , project , exam , grade ) VALUES ( 3 , 100 , 100 , 98 , "C" ) 
Disk IOs: 2
Execution Time: 0.14853 s

=================================

INSERT INTO course ( sid , homework , project , exam , grade ) VALUES ( 3 , 100 , 69 , 64 , "C" ) 
Disk IOs: 2
Execution Time: 0.148508 s

=================================

INSERT INTO course ( sid , homework , project , exam , grade ) VALUES ( 15 , 100 , 50 , 90 , "E" ) 
Disk IOs: 2
Execution Time: 0.148509 s

=================================

INSERT INTO course ( sid , homework , project , exam , grade ) VALUES ( 15 , 100 , 99 , 100 , "E" ) 
Disk IOs: 2
Execution Time: 0.148533 s

=================================

INSERT INTO course ( sid , homework , project , exam , grade ) VALUES ( 17 , 100 , 100 , 100 , "A" ) 
Disk IOs: 2
Execution Time: 0.148505 s

=================================

INSERT INTO course ( sid , homework , project , exam , grade ) VALUES ( 2 , 100 , 100 , 99 , "B" ) 
Disk IOs: 2
Execution Time: 0.148491 s

=================================

INSERT INTO course ( sid , homework , project , exam , grade ) VALUES ( 4 , 100 , 100 , 97 , "D" ) 
Disk IOs: 2
Execution Time: 0.148501 s

=================================

INSERT INTO course ( sid , homework , project , exam , grade ) VALUES ( 5 , 100 , 100 , 66 , "A" ) 
Disk IOs: 2
Execution Time: 0.148487 s

=================================

INSERT INTO course ( sid , homework , project , exam , grade ) VALUES ( 6 , 100 , 100 , 65 , "B" ) 
Disk IOs: 2
Execution Time: 0.148528 s

=================================

INSERT INTO course ( sid , homework , project , exam , grade ) VALUES ( 7 , 100 , 50 , 73 , "C" ) 
Disk IOs: 2
Execution Time: 0.148495 s

=================================

INSERT INTO course ( sid , homework , project , exam , grade ) VALUES ( 8 , 50 , 50 , 62 , "C" ) 
Disk IOs: 2
Execution Time: 0.148507 s

=================================

INSERT INTO course ( sid , homework , project , exam , grade ) VALUES ( 9 , 50 , 50 , 61 , "D" ) 
Disk IOs: 2
Execution Time: 0.148493 s

=================================

INSERT INTO course ( sid , homework , project , exam , grade ) VALUES ( 10 , 50 , 70 , 70 , "C" ) 
Disk IOs: 2
Execution Time: 0.148547 s

=================================

INSERT INTO course ( sid , homework , project , exam , grade ) VALUES ( 11 , 50 , 50 , 59 , "D" ) 
Disk IOs: 2
Execution Time: 0.14851 s

=================================

INSERT INTO course ( sid , homework , project , exam , grade ) VALUES ( 12 , 0 , 70 , 58 , "C" ) 
Disk IOs: 2
Execution Time: 0.148481 s

=================================

INSERT INTO course ( sid , homework , project , exam , grade ) VALUES ( 13 , 0 , 50 , 77 , "C" ) 
Disk IOs: 2
Execution Time: 0.148473 s

=================================

INSERT INTO course ( sid , homework , project , exam , grade ) VALUES ( 14 , 50 , 50 , 56 , "D" ) 
Disk IOs: 2
Execution Time: 0.148482 s

=================================

INSERT INTO course ( sid , homework , project , exam , grade ) VALUES ( 16 , 0 , 0 , 0 , "E" ) 
Disk IOs: 2
Execution Time: 0.148561 s

=================================

INSERT INTO course ( sid , homework , project , exam , grade ) VALUES ( 16 , 0 , 0 , 0 , "E" ) 
Disk IOs: 2
Execution Time: 0.148556 s

=================================

INSERT INTO course ( sid , homework , project , exam , grade ) VALUES ( 16 , 0 , 0 , 0 , "E" ) 
Disk IOs: 2
Execution Time: 0.148486 s

=================================

INSERT INTO course ( sid , homework , project , exam , grade ) VALUES ( 16 , 0 , 0 , 0 , "E" ) 
Disk IOs: 2
Execution Time: 0.14852 s

=================================

INSERT INTO course ( sid , homework , project , exam , grade ) VALUES ( 16 , 0 , 0 , 0 , "E" ) 
Disk IOs: 2
Execution Time: 0.148529 s

=================================

INSERT INTO course ( sid , homework , project , exam , grade ) VALUES ( 16 , 0 , 0 , 0 , "E" ) 
Disk IOs: 2
Execution Time: 0.148506 s

=================================

INSERT INTO course ( sid , homework , project , exam , grade ) VALUES ( 16 , 0 , 0 , 0 , "E" ) 
Disk IOs: 2
Execution Time: 0.148487 s

=================================

INSERT INTO course ( sid , homework , project , exam , grade ) VALUES ( 16 , 0 , 0 , 0 , "E" ) 
Disk IOs: 2
Execution Time: 0.148529 s

=================================

INSERT INTO course ( sid , homework , project , exam , grade ) VALUES ( 16 , 0 , 0 , 0 , "E" ) 
Disk IOs: 2
Execution Time: 0.148492 s

=================================

INSERT INTO course ( sid , homework , project , exam , grade ) VALUES ( 16 , 0 , 0 , 0 , "E" ) 
Disk IOs: 2
Execution Time: 0.148491 s

=================================

INSERT INTO course ( sid , homework , project , exam , grade ) VALUES ( 16 , 0 , 0 , 0 , "E" ) 
Disk IOs: 2
Execution Time: 0.148491 s

=================================

INSERT INTO course ( sid , homework , project , exam , grade ) VALUES ( 16 , 0 , 0 , 0 , "E" ) 
Disk IOs: 2
Execution Time: 0.148522 s

=================================

INSERT INTO course ( sid , homework , project , exam , grade ) VALUES ( 16 , 0 , 0 , 0 , "E" ) 
Disk IOs: 2
Execution Time: 0.148483 s

=================================

INSERT INTO course ( sid , homework , project , exam , grade ) VALUES ( 16 , 0 , 0 , 0 , "E" ) 
Disk IOs: 2
Execution Time: 0.148498 s

=================================

INSERT INTO course ( sid , homework , project , exam , grade ) VALUES ( 16 , 0 , 0 , 0 , "E" ) 
Disk IOs: 2
Execution Time: 0.14852 s

=================================

INSERT INTO course ( sid , homework , project , exam , grade ) VALUES ( 16 , 0 , 0 , 0 , "E" ) 
Disk IOs: 2
Execution Time: 0.148526 s

=================================

INSERT INTO course ( sid , homework , project , exam , grade ) VALUES ( 16 , 0 , 0 , 0 , "E" ) 
Disk IOs: 2
Execution Time: 0.148544 s

=================================

INSERT INTO course ( sid , homework , project , exam , grade ) VALUES ( 16 , 0 , 0 , 0 , "E" ) 
Disk IOs: 2
Execution Time: 0.148532 s

=================================

INSERT INTO course ( sid , homework , project , exam , grade ) VALUES ( 16 , 0 , 0 , 0 , "E" ) 
Disk IOs: 2
Execution Time: 0.148514 s

=================================

INSERT INTO course ( sid , homework , project , exam , grade ) VALUES ( 16 , 0 , 0 , 0 , "E" ) 
Disk IOs: 2
Execution Time: 0.148527 s

=================================

INSERT INTO course ( sid , homework , project , exam , grade ) VALUES ( 16 , 0 , 0 , 0 , "E" ) 
Disk IOs: 2
Execution Time: 0.148506 s

=================================

INSERT INTO course ( sid , homework , project , exam , grade ) VALUES ( 16 , 0 , 0 , 0 , "E" ) 
Disk IOs: 2
Execution Time: 0.148564 s

=================================

INSERT INTO course ( sid , homework , project , exam , grade ) VALUES ( 16 , 0 , 0 , 0 , "E" ) 
Disk IOs: 2
Execution Time: 0.148526 s

=================================

INSERT INTO course ( sid , homework , project , exam , grade ) VALUES ( 16 , 0 , 0 , 0 , "E" ) 
Disk IOs: 2
Execution Time: 0.148507 s

=================================

INSERT INTO course ( sid , homework , project , exam , grade ) VALUES ( 16 , 0 , 0 , 0 , "E" ) 
Disk IOs: 2
Execution Time: 0.148524 s

=================================

INSERT INTO course ( sid , homework , project , exam , grade ) VALUES ( 16 , 0 , 0 , 0 , "E" ) 
Disk IOs: 2
Execution Time: 0.148521 s

=================================

INSERT INTO course ( sid , homework , project , exam , grade ) VALUES ( 16 , 0 , 0 , 0 , "E" ) 
Disk IOs: 2
Execution Time: 0.148507 s

=================================

INSERT INTO course ( sid , homework , project , exam , grade ) VALUES ( 16 , 0 , 0 , 0 , "E" ) 
Disk IOs: 2
Execution Time: 0.148517 s

=================================

INSERT INTO course ( sid , homework , project , exam , grade ) VALUES ( 16 , 0 , 0 , 0 , "E" ) 
Disk IOs: 2
Execution Time: 0.148536 s

=================================

INSERT INTO course ( sid , homework , project , exam , grade ) VALUES ( 16 , 0 , 0 , 0 , "E" ) 
Disk IOs: 2
Execution Time: 0.148553 s

=================================

INSERT INTO course ( sid , homework , project , exam , grade ) VALUES ( 16 , 0 , 0 , 0 , "E" ) 
Disk IOs: 2
Execution Time: 0.148497 s

=================================

INSERT INTO course ( sid , homework , project , exam , grade ) VALUES ( 16 , 0 , 0 , 0 , "E" ) 
Disk IOs: 2
Execution Time: 0.148502 s

=================================

INSERT INTO course ( sid , homework , project , exam , grade ) VALUES ( 16 , 0 , 0 , 0 , "E" ) 
Disk IOs: 2
Execution Time: 0.148517 s

=================================

INSERT INTO course ( sid , homework , project , exam , grade ) VALUES ( 16 , 0 , 0 , 0 , "E" ) 
Disk IOs: 2
Execution Time: 0.14851 s

=================================

INSERT INTO course ( sid , homework , project , exam , grade ) VALUES ( 16 , 0 , 0 , 0 , "E" ) 
Disk IOs: 2
Execution Time: 0.148582 s

=================================

INSERT INTO course ( sid , homework , project , exam , grade ) VALUES ( 16 , 0 , 0 , 0 , "E" ) 
Disk IOs: 2
Execution Time: 0.148533 s

=================================

INSERT INTO course ( sid , homework , project , exam , grade ) VALUES ( 16 , 0 , 0 , 0 , "E" ) 
Disk IOs: 2
Execution Time: 0.14853 s

=================================

INSERT INTO course ( sid , homework , project , exam , grade ) VALUES ( 16 , 0 , 0 , 0 , "E" ) 
Disk IOs: 2
Execution Time: 0.148497 s

=================================

INSERT INTO course ( sid , homework , project , exam , grade ) VALUES ( 16 , 0 , 0 , 0 , "E" ) 
Disk IOs: 2
Execution Time: 0.148501 s

=================================

INSERT INTO course ( sid , homework , project , exam , grade ) VALUES ( 16 , 0 , 0 , 0 , "E" ) 
Disk IOs: 2
Execution Time: 0.14852 s

=================================

INSERT INTO course ( sid , homework , project , exam , grade ) VALUES ( 16 , 0 , 0 , 0 , "E" ) 
Disk IOs: 2
Execution Time: 0.148497 s

=================================

INSERT INTO course ( sid , homework , project , exam , grade ) VALUES ( 17 , 100 , 100 , 100 , "A" ) 
Disk IOs: 2
Execution Time: 0.148492 s

=================================

SELECT * FROM course 
course.sid course.homework course.project course.exam course.grade 
-----------------
1	99	100	100	A	
3	100	100	98	C	
3	100	69	64	C	
15	100	50	90	E	
15	100	99	100	E	
17	100	100	100	A	
2	100	100	99	B	
4	100	100	97	D	
5	100	100	66	A	
6	100	100	65	B	
7	100	50	73	C	
8	50	50	62	C	
9	50	50	61	D	
10	50	70	70	C	
11	50	50	59	D	
12	0	70	58	C	
13	0	50	77	C	
14	50	50	56	D	
16	0	0	0	E	
16	0	0	0	E	
16	0	0	0	E	
16	0	0	0	E	
16	0	0	0	E	
16	0	0	0	E	
16	0	0	0	E	
16	0	0	0	E	
16	0	0	0	E	
16	0	0	0	E	
16	0	0	0	E	
16	0	0	0	E	
16	0	0	0	E	
16	0	0	0	E	
16	0	0	0	E	
16	0	0	0	E	
16	0	0	0	E	
16	0	0	0	E	
16	0	0	0	E	
16	0	0	0	E	
16	0	0	0	E	
16	0	0	0	E	
16	0	0	0	E	
16	0	0	0	E	
16	0	0	0	E	
16	0	0	0	E	
16	0	0	0	E	
16	0	0	0	E	
16	0	0	0	E	
16	0	0	0	E	
16	0	0	0	E	
16	0	0	0	E	
16	0	0	0	E	
16	0	0	0	E	
16	0	0	0	E	
16	0	0	0	E	
16	0	0	0	E	
16	0	0	0	E	
16	0	0	0	E	
16	0	0	0	E	
16	0	0	0	E	
17	100	100	100	A	
-----------------

Disk IOs: 60
Execution Time: 4.44222 s

=================================

SELECT sid , grade FROM course 
course.sid course.grade 
-----------------
1	A	
3	C	
3	C	
15	E	
15	E	
17	A	
2	B	
4	D	
5	A	
6	B	
7	C	
8	C	
9	D	
10	C	
11	D	
12	C	
13	C	
14	D	
16	E	
16	E	
16	E	
16	E	
16	E	
16	E	
16	E	
16	E	
16	E	
16	E	
16	E	
16	E	
16	E	
16	E	
16	E	
16	E	
16	E	
16	E	
16	E	
16	E	
16	E	
16	E	
16	E	
16	E	
16	E	
16	E	
16	E	
16	E	
16	E	
16	E	
16	E	
16	E	
16	E	
16	E	
16	E	
16	E	
16	E	
16	E	
16	E	
16	E	
16	E	
17	A	
-----------------

Disk IOs: 60
Execution Time: 4.44216 s

=================================

SELECT sid , course.grade FROM course 
course.sid course.grade 
-----------------
1	A	
3	C	
3	C	
15	E	
15	E	
17	A	
2	B	
4	D	
5	A	
6	B	
7	C	
8	C	
9	D	
10	C	
11	D	
12	C	
13	C	
14	D	
16	E	
16	E	
16	E	
16	E	
16	E	
16	E	
16	E	
16	E	
16	E	
16	E	
16	E	
16	E	
16	E	
16	E	
16	E	
16	E	
16	E	
16	E	
16	E	
16	E	
16	E	
16	E	
16	E	
16	E	
16	E	
16	E	
16	E	
16	E	
16	E	
16	E	
16	E	
16	E	
16	E	
16	E	
16	E	
16	E	
16	E	
16	E	
16	E	
16	E	
16	E	
17	A	
-----------------

Disk IOs: 60
Execution Time: 4.44238 s

=================================

SELECT DISTINCT grade FROM course 
course.grade 
-----------------
A	
E	
D	
C	
B	
-----------------

Disk IOs: 76
Execution Time: 5.55725 s

=================================

SELECT DISTINCT * FROM course 
course.sid course.homework course.project course.exam course.grade 
-----------------
1	99	100	100	A	
2	100	100	99	B	
3	100	69	64	C	
3	100	100	98	C	
4	100	100	97	D	
5	100	100	66	A	
6	100	100	65	B	
7	100	50	73	C	
8	50	50	62	C	
9	50	50	61	D	
10	50	70	70	C	
11	50	50	59	D	
12	0	70	58	C	
13	0	50	77	C	
14	50	50	56	D	
15	100	99	100	E	
15	100	50	90	E	
16	0	0	0	E	
17	100	100	100	A	
-----------------

Disk IOs: 180
Execution Time: 12.2478 s

=================================

SELECT * FROM course ORDER BY exam 
course.sid course.homework course.project course.exam course.grade 
-----------------
16	0	0	0	E	
16	0	0	0	E	
16	0	0	0	E	
16	0	0	0	E	
16	0	0	0	E	
16	0	0	0	E	
16	0	0	0	E	
16	0	0	0	E	
16	0	0	0	E	
16	0	0	0	E	
16	0	0	0	E	
16	0	0	0	E	
16	0	0	0	E	
16	0	0	0	E	
16	0	0	0	E	
16	0	0	0	E	
16	0	0	0	E	
16	0	0	0	E	
16	0	0	0	E	
16	0	0	0	E	
16	0	0	0	E	
16	0	0	0	E	
16	0	0	0	E	
16	0	0	0	E	
16	0	0	0	E	
16	0	0	0	E	
16	0	0	0	E	
16	0	0	0	E	
16	0	0	0	E	
16	0	0	0	E	
16	0	0	0	E	
16	0	0	0	E	
16	0	0	0	E	
16	0	0	0	E	
16	0	0	0	E	
16	0	0	0	E	
16	0	0	0	E	
16	0	0	0	E	
16	0	0	0	E	
16	0	0	0	E	
16	0	0	0	E	
14	50	50	56	D	
12	0	70	58	C	
11	50	50	59	D	
9	50	50	61	D	
8	50	50	62	C	
3	100	69	64	C	
6	100	100	65	B	
5	100	100	66	A	
10	50	70	70	C	
7	100	50	73	C	
13	0	50	77	C	
15	100	50	90	E	
4	100	100	97	D	
3	100	100	98	C	
2	100	100	99	B	
17	100	100	100	A	
15	100	99	100	E	
1	99	100	100	A	
17	100	100	100	A	
-----------------

Disk IOs: 180
Execution Time: 12.2456 s

=================================

SELECT * FROM course WHERE exam = 100 
course.sid course.homework course.project course.exam course.grade 
-----------------
1	99	100	100	A	
15	100	99	100	E	
17	100	100	100	A	
17	100	100	100	A	
-----------------

Disk IOs: 60
Execution Time: 4.44393 s

=================================

SELECT * FROM course WHERE grade = "A" 
course.sid course.homework course.project course.exam course.grade 
-----------------
1	99	100	100	A	
17	100	100	100	A	
5	100	100	66	A	
17	100	100	100	A	
-----------------

Disk IOs: 60
Execution Time: 4.44373 s

=================================

SELECT * FROM course WHERE exam = 100 AND project = 100 
course.sid course.homework course.project course.exam course.grade 
-----------------
1	99	100	100	A	
17	100	100	100	A	
17	100	100	100	A	
-----------------

Disk IOs: 60
Execution Time: 4.44537 s

=================================

SELECT * FROM course WHERE exam = 100 OR exam = 99 
course.sid course.homework course.project course.exam course.grade 
-----------------
1	99	100	100	A	
15	100	99	100	E	
17	100	100	100	A	
2	100	100	99	B	
17	100	100	100	A	
-----------------

Disk IOs: 60
Execution Time: 4.44479 s

=================================

SELECT * FROM course WHERE exam > 70 
course.sid course.homework course.project course.exam course.grade 
-----------------
1	99	100	100	A	
3	100	100	98	C	
15	100	50	90	E	
15	100	99	100	E	
17	100	100	100	A	
2	100	100	99	B	
4	100	100	97	D	
7	100	50	73	C	
13	0	50	77	C	
17	100	100	100	A	
-----------------

Disk IOs: 60
Execution Time: 4.44409 s

=================================

SELECT * FROM course WHERE exam = 100 OR homework = 100 AND project = 100 
course.sid course.homework course.project course.exam course.grade 
-----------------
1	99	100	100	A	
3	100	100	98	C	
15	100	99	100	E	
17	100	100	100	A	
2	100	100	99	B	
4	100	100	97	D	
5	100	100	66	A	
6	100	100	65	B	
17	100	100	100	A	
-----------------

Disk IOs: 60
Execution Time: 4.44529 s

=================================

SELECT * FROM course WHERE ( exam + homework ) = 200 
course.sid course.homework course.project course.exam course.grade 
-----------------
15	100	99	100	E	
17	100	100	100	A	
17	100	100	100	A	
-----------------

Disk IOs: 60
Execution Time: 4.44423 s

=================================

CREATE TABLE course2 ( sid INT , exam INT , grade STR20 ) 
Disk IOs: 0
Execution Time: 0.000375 s

=================================

INSERT INTO course2 ( sid , exam , grade ) VALUES ( 1 , 100 , "A" ) 
Disk IOs: 1
Execution Time: 0.074566 s

=================================

INSERT INTO course2 ( sid , exam , grade ) VALUES ( 16 , 25 , "E" ) 
Disk IOs: 2
Execution Time: 0.148383 s

=================================

INSERT INTO course2 ( sid , exam , grade ) VALUES ( 17 , 0 , "A" ) 
Disk IOs: 2
Execution Time: 0.148381 s

=================================

SELECT * FROM course , course2 
course.sid course.homework course.project course.exam course.grade course2.sid course2.exam course2.grade 
-----------------
1	99	100	100	A	1	100	A	
1	99	100	100	A	16	25	E	
1	99	100	100	A	17	0	A	
3	100	100	98	C	1	100	A	
3	100	100	98	C	16	25	E	
3	100	100	98	C	17	0	A	
3	100	69	64	C	1	100	A	
3	100	69	64	C	16	25	E	
3	100	69	64	C	17	0	A	
15	100	50	90	E	1	100	A	
15	100	50	90	E	16	25	E	
15	100	50	90	E	17	0	A	
15	100	99	100	E	1	100	A	
15	100	99	100	E	16	25	E	
15	100	99	100	E	17	0	A	
17	100	100	100	A	1	100	A	
17	100	100	100	A	16	25	E	
17	100	100	100	A	17	0	A	
2	100	100	99	B	1	100	A	
2	100	100	99	B	16	25	E	
2	100	100	99	B	17	0	A	
4	100	100	97	D	1	100	A	
4	100	100	97	D	16	25	E	
4	100	100	97	D	17	0	A	
5	100	100	66	A	1	100	A	
5	100	100	66	A	16	25	E	
5	100	100	66	A	17	0	A	
6	100	100	65	B	1	100	A	
6	100	100	65	B	16	25	E	
6	100	100	65	B	17	0	A	
7	100	50	73	C	1	100	A	
7	100	50	73	C	16	25	E	
7	100	50	73	C	17	0	A	
8	50	50	62	C	1	100	A	
8	50	50	62	C	16	25	E	
8	50	50	62	C	17	0	A	
9	50	50	61	D	1	100	A	
9	50	50	61	D	16	25	E	
9	50	50	61	D	17	0	A	
10	50	70	70	C	1	100	A	
10	50	70	70	C	16	25	E	
10	50	70	70	C	17	0	A	
11	50	50	59	D	1	100	A	
11	50	50	59	D	16	25	E	
11	50	50	59	D	17	0	A	
12	0	70	58	C	1	100	A	
12	0	70	58	C	16	25	E	
12	0	70	58	C	17	0	A	
13	0	50	77	C	1	100	A	
13	0	50	77	C	16	25	E	
13	0	50	77	C	17	0	A	
14	50	50	56	D	1	100	A	
14	50	50	56	D	16	25	E	
14	50	50	56	D	17	0	A	
16	0	0	0	E	1	100	A	
16	0	0	0	E	16	25	E	
16	0	0	0	E	17	0	A	
16	0	0	0	E	1	100	A	
16	0	0	0	E	16	25	E	
16	0	0	0	E	17	0	A	
16	0	0	0	E	1	100	A	
16	0	0	0	E	16	25	E	
16	0	0	0	E	17	0	A	
16	0	0	0	E	1	100	A	
16	0	0	0	E	16	25	E	
16	0	0	0	E	17	0	A	
16	0	0	0	E	1	100	A	
16	0	0	0	E	16	25	E	
16	0	0	0	E	17	0	A	
16	0	0	0	E	1	100	A	
16	0	0	0	E	16	25	E	
16	0	0	0	E	17	0	A	
16	0	0	0	E	1	100	A	
16	0	0	0	E	16	25	E	
16	0	0	0	E	17	0	A	
16	0	0	0	E	1	100	A	
16	0	0	0	E	16	25	E	
16	0	0	0	E	17	0	A	
16	0	0	0	E	1	100	A	
16	0	0	0	E	16	25	E	
16	0	0	0	E	17	0	A	
16	0	0	0	E	1	100	A	
16	0	0	0	E	16	25	E	
16	0	0	0	E	17	0	A	
16	0	0	0	E	1	100	A	
16	0	0	0	E	16	25	E	
16	0	0	0	E	17	0	A	
16	0	0	0	E	1	100	A	
16	0	0	0	E	16	25	E	
16	0	0	0	E	17	0	A	
16	0	0	0	E	1	100	A	
16	0	0	0	E	16	25	E	
16	0	0	0	E	17	0	A	
16	0	0	0	E	1	100	A	
16	0	0	0	E	16	25	E	
16	0	0	0	E	17	0	A	
16	0	0	0	E	1	100	A	
16	0	0	0	E	16	25	E	
16	0	0	0	E	17	0	A	
16	0	0	0	E	1	100	A	
16	0	0	0	E	16	25	E	
16	0	0	0	E	17	0	A	
16	0	0	0	E	1	100	A	
16	0	0	0	E	16	25	E	
16	0	0	0	E	17	0	A	
16	0	0	0	E	1	100	A	
16	0	0	0	E	16	25	E	
16	0	0	0	E	17	0	A	
16	0	0	0	E	1	100	A	
16	0	0	0	E	16	25	E	
16	0	0	0	E	17	0	A	
16	0	0	0	E	1	100	A	
16	0	0	0	E	16	25	E	
16	0	0	0	E	17	0	A	
16	0	0	0	E	1	100	A	
16	0	0	0	E	16	25	E	
16	0	0	0	E	17	0	A	
16	0	0	0	E	1	100	A	
16	0	0	0	E	16	25	E	
16	0	0	0	E	17	0	A	
16	0	0	0	E	1	100	A	
16	0	0	0	E	16	25	E	
16	0	0	0	E	17	0	A	
16	0	0	0	E	1	100	A	
16	0	0	0	E	16	25	E	
16	0	0	0	E	17	0	A	
16	0	0	0	E	1	100	A	
16	0	0	0	E	16	25	E	
16	0	0	0	E	17	0	A	
16	0	0	0	E	1	100	A	
16	0	0	0	E	16	25	E	
16	0	0	0	E	17	0	A	
16	0	0	0	E	1	100	A	
16	0	0	0	E	16	25	E	
16	0	0	0	E	17	0	A	
16	0	0	0	E	1	100	A	
16	0	0	0	E	16	25	E	
16	0	0	0	E	17	0	A	
16	0	0	0	E	1	100	A	
16	0	0	0	E	16	25	E	
16	0	0	0	E	17	0	A	
16	0	0	0	E	1	100	A	
16	0	0	0	E	16	25	E	
16	0	0	0	E	17	0	A	
16	0	0	0	E	1	100	A	
16	0	0	0	E	16	25	E	
16	0	0	0	E	17	0	A	
16	0	0	0	E	1	100	A	
16	0	0	0	E	16	25	E	
16	0	0	0	E	17	0	A	
16	0	0	0	E	1	100	A	
16	0	0	0	E	16	25	E	
16	0	0	0	E	17	0	A	
16	0	0	0	E	1	100	A	
16	0	0	0	E	16	25	E	
16	0	0	0	E	17	0	A	
16	0	0	0	E	1	100	A	
16	0	0	0	E	16	25	E	
16	0	0	0	E	17	0	A	
16	0	0	0	E	1	100	A	
16	0	0	0	E	16	25	E	
16	0	0	0	E	17	0	A	
16	0	0	0	E	1	100	A	
16	0	0	0	E	16	25	E	
16	0	0	0	E	17	0	A	
16	0	0	0	E	1	100	A	
16	0	0	0	E	16	25	E	
16	0	0	0	E	17	0	A	
16	0	0	0	E	1	100	A	
16	0	0	0	E	16	25	E	
16	0	0	0	E	17	0	A	
16	0	0	0	E	1	100	A	
16	0	0	0	E	16	25	E	
16	0	0	0	E	17	0	A	
16	0	0	0	E	1	100	A	
16	0	0	0	E	16	25	E	
16	0	0	0	E	17	0	A	
17	100	100	100	A	1	100	A	
17	100	100	100	A	16	25	E	
17	100	100	100	A	17	0	A	
-----------------

Disk IOs: 62
Execution Time: 4.583 s

=================================

INSERT INTO course2 ( sid , exam , grade ) VALUES ( 2 , 99 , "B" ) 
Disk IOs: 2
Execution Time: 0.148359 s

=================================

INSERT INTO course2 ( sid , exam , grade ) VALUES ( 3 , 98 , "C" ) 
Disk IOs: 2
Execution Time: 0.148395 s

=================================

INSERT INTO course2 ( sid , exam , grade ) VALUES ( 4 , 97 , "D" ) 
Disk IOs: 2
Execution Time: 0.148574 s

=================================

INSERT INTO course2 ( sid , exam , grade ) VALUES ( 5 , 66 , "A" ) 
Disk IOs: 2
Execution Time: 0.148744 s

=================================

INSERT INTO course2 ( sid , exam , grade ) VALUES ( 6 , 65 , "B" ) 
Disk IOs: 2
Execution Time: 0.148544 s

=================================

INSERT INTO course2 ( sid , exam , grade ) VALUES ( 18 , 0 , "A" ) 
Disk IOs: 2
Execution Time: 0.148384 s

=================================

INSERT INTO course2 ( sid , exam , grade ) VALUES ( 18 , 0 , "A" ) 
Disk IOs: 2
Execution Time: 0.148417 s

=================================

INSERT INTO course2 ( sid , exam , grade ) VALUES ( 18 , 0 , "A" ) 
Disk IOs: 2
Execution Time: 0.148449 s

=================================

INSERT INTO course2 ( sid , exam , grade ) VALUES ( 18 , 0 , "A" ) 
Disk IOs: 2
Execution Time: 0.148394 s

=================================

INSERT INTO course2 ( sid , exam , grade ) VALUES ( 18 , 0 , "A" ) 
Disk IOs: 2
Execution Time: 0.148481 s

=================================

INSERT INTO course2 ( sid , exam , grade ) VALUES ( 18 , 0 , "A" ) 
Disk IOs: 2
Execution Time: 0.148385 s

=================================

INSERT INTO course2 ( sid , exam , grade ) VALUES ( 18 , 0 , "A" ) 
Disk IOs: 2
Execution Time: 0.148373 s

=================================

INSERT INTO course2 ( sid , exam , grade ) VALUES ( 18 , 0 , "A" ) 
Disk IOs: 2
Execution Time: 0.148394 s

=================================

INSERT INTO course2 ( sid , exam , grade ) VALUES ( 18 , 0 , "A" ) 
Disk IOs: 2
Execution Time: 0.148392 s

=================================

INSERT INTO course2 ( sid , exam , grade ) VALUES ( 18 , 0 , "A" ) 
Disk IOs: 2
Execution Time: 0.148454 s

=================================

INSERT INTO course2 ( sid , exam , grade ) VALUES ( 18 , 0 , "A" ) 
Disk IOs: 2
Execution Time: 0.148392 s

=================================

INSERT INTO course2 ( sid , exam , grade ) VALUES ( 18 , 0 , "A" ) 
Disk IOs: 2
Execution Time: 0.148382 s

=================================

INSERT INTO course2 ( sid , exam , grade ) VALUES ( 18 , 0 , "A" ) 
Disk IOs: 2
Execution Time: 0.148404 s

=================================

INSERT INTO course2 ( sid , exam , grade ) VALUES ( 18 , 0 , "A" ) 
Disk IOs: 2
Execution Time: 0.148415 s

=================================

INSERT INTO course2 ( sid , exam , grade ) VALUES ( 18 , 0 , "A" ) 
Disk IOs: 2
Execution Time: 0.148448 s

=================================

INSERT INTO course2 ( sid , exam , grade ) VALUES ( 18 , 0 , "A" ) 
Disk IOs: 2
Execution Time: 0.148734 s

=================================

SELECT course.sid , course.grade , course2.grade FROM course , course2 WHERE course.sid = course2.sid 
course.sid course.grade course2.grade 
-----------------
1	A	A	
2	B	B	
3	C	C	
3	C	C	
4	D	D	
5	A	A	
6	B	B	
16	E	E	
16	E	E	
16	E	E	
16	E	E	
16	E	E	
16	E	E	
16	E	E	
16	E	E	
16	E	E	
16	E	E	
16	E	E	
16	E	E	
16	E	E	
16	E	E	
16	E	E	
16	E	E	
16	E	E	
16	E	E	
16	E	E	
16	E	E	
16	E	E	
16	E	E	
16	E	E	
16	E	E	
16	E	E	
16	E	E	
16	E	E	
16	E	E	
16	E	E	
16	E	E	
16	E	E	
16	E	E	
16	E	E	
16	E	E	
16	E	E	
16	E	E	
16	E	E	
16	E	E	
16	E	E	
16	E	E	
16	E	E	
17	A	A	
17	A	A	
-----------------

Disk IOs: 210
Execution Time: 14.2787 s

=================================

SELECT DISTINCT course.grade , course2.grade FROM course , course2 WHERE course.sid = course2.sid 
course.grade course2.grade 
-----------------
A	A	
B	B	
C	C	
D	D	
E	E	
-----------------

Disk IOs: 262
Execution Time: 17.9081 s

=================================

SELECT * FROM course , course2 WHERE course.sid = course2.sid ORDER BY course.exam 
course.sid course.homework course.project course.exam course.grade course2.sid course2.exam course2.grade 
-----------------
16	0	0	0	E	16	25	E	
16	0	0	0	E	16	25	E	
16	0	0	0	E	16	25	E	
16	0	0	0	E	16	25	E	
16	0	0	0	E	16	25	E	
16	0	0	0	E	16	25	E	
16	0	0	0	E	16	25	E	
16	0	0	0	E	16	25	E	
16	0	0	0	E	16	25	E	
16	0	0	0	E	16	25	E	
16	0	0	0	E	16	25	E	
16	0	0	0	E	16	25	E	
16	0	0	0	E	16	25	E	
16	0	0	0	E	16	25	E	
16	0	0	0	E	16	25	E	
16	0	0	0	E	16	25	E	
16	0	0	0	E	16	25	E	
16	0	0	0	E	16	25	E	
16	0	0	0	E	16	25	E	
16	0	0	0	E	16	25	E	
16	0	0	0	E	16	25	E	
16	0	0	0	E	16	25	E	
16	0	0	0	E	16	25	E	
16	0	0	0	E	16	25	E	
16	0	0	0	E	16	25	E	
16	0	0	0	E	16	25	E	
16	0	0	0	E	16	25	E	
16	0	0	0	E	16	25	E	
16	0	0	0	E	16	25	E	
16	0	0	0	E	16	25	E	
16	0	0	0	E	16	25	E	
16	0	0	0	E	16	25	E	
16	0	0	0	E	16	25	E	
16	0	0	0	E	16	25	E	
16	0	0	0	E	16	25	E	
16	0	0	0	E	16	25	E	
16	0	0	0	E	16	25	E	
16	0	0	0	E	16	25	E	
16	0	0	0	E	16	25	E	
16	0	0	0	E	16	25	E	
16	0	0	0	E	16	25	E	
3	100	69	64	C	3	98	C	
6	100	100	65	B	6	65	B	
5	100	100	66	A	5	66	A	
4	100	100	97	D	4	97	D	
3	100	100	98	C	3	98	C	
2	100	100	99	B	2	99	B	
17	100	100	100	A	17	0	A	
17	100	100	100	A	17	0	A	
1	99	100	100	A	1	100	A	
-----------------

Disk IOs: 410
Execution Time: 28.1878 s

=================================

SELECT * FROM course , course2 WHERE course.sid = course2.sid AND course.exam = 100 AND course2.exam = 100 
course2.sid course2.exam course2.grade course.sid course.homework course.project course.exam course.grade 
-----------------
1	100	A	1	99	100	100	A	
-----------------

Disk IOs: 82
Execution Time: 6.0731 s

=================================

SELECT * FROM course , course2 WHERE course.sid = course2.sid AND course.exam > course2.exam 
course.sid course.homework course.project course.exam course.grade course2.sid course2.exam course2.grade 
-----------------
17	100	100	100	A	17	0	A	
17	100	100	100	A	17	0	A	
-----------------

Disk IOs: 310
Execution Time: 21.6843 s

=================================

SELECT * FROM course , course2 WHERE course.sid = course2.sid AND course.exam > course2.exam AND course.homework = 100 
course.sid course.homework course.project course.exam course.grade course2.sid course2.exam course2.grade 
-----------------
17	100	100	100	A	17	0	A	
17	100	100	100	A	17	0	A	
-----------------

Disk IOs: 150
Execution Time: 10.7309 s

=================================

SELECT DISTINCT course.grade , course2.grade FROM course , course2 WHERE course.sid = course2.sid AND course.grade = "A" AND course2.grade = "A" ORDER BY course.exam 
course.grade course2.grade 
-----------------
A	A	
-----------------

Disk IOs: 110
Execution Time: 8.08959 s

=================================

DROP TABLE course 
Disk IOs: 0
Execution Time: 4.8e-05 s

=================================

DROP TABLE course2 
Disk IOs: 0
Execution Time: 4.9e-05 s

=================================

CREATE TABLE r ( a INT , b INT ) 
Disk IOs: 0
Execution Time: 0.000186 s

=================================

CREATE TABLE s ( b INT , c INT ) 
Disk IOs: 0
Execution Time: 0.000141 s

=================================

CREATE TABLE t ( a INT , c INT ) 
Disk IOs: 0
Execution Time: 0.000142 s

=================================

INSERT INTO r ( a , b ) VALUES ( 0 , 0 ) 
Disk IOs: 1
Execution Time: 0.074285 s

=================================

INSERT INTO r ( a , b ) VALUES ( 1 , 1 ) 
Disk IOs: 2
Execution Time: 0.148367 s

=================================

INSERT INTO r ( a , b ) VALUES ( 1 , 1 ) 
Disk IOs: 2
Execution Time: 0.148476 s

=================================

INSERT INTO r ( a , b ) VALUES ( 2 , 2 ) 
Disk IOs: 2
Execution Time: 0.148381 s

=================================

INSERT INTO r ( a , b ) VALUES ( 3 , 3 ) 
Disk IOs: 2
Execution Time: 0.148421 s

=================================

INSERT INTO r ( a , b ) VALUES ( 0 , 0 ) 
Disk IOs: 2
Execution Time: 0.148333 s

=================================

INSERT INTO r ( a , b ) VALUES ( 1 , 1 ) 
Disk IOs: 2
Execution Time: 0.14833 s

=================================

INSERT INTO r ( a , b ) VALUES ( 2 , 2 ) 
Disk IOs: 2
Execution Time: 0.148363 s

=================================

INSERT INTO r ( a , b ) VALUES ( 100 , 100 ) 
Disk IOs: 2
Execution Time: 0.148325 s

=================================

INSERT INTO r ( a , b ) VALUES ( 100 , 100 ) 
Disk IOs: 2
Execution Time: 0.14845 s

=================================

INSERT INTO r ( a , b ) VALUES ( 100 , 100 ) 
Disk IOs: 2
Execution Time: 0.148376 s

=================================

INSERT INTO r ( a , b ) VALUES ( 100 , 100 ) 
Disk IOs: 2
Execution Time: 0.14833 s

=================================

INSERT INTO r ( a , b ) VALUES ( 100 , 100 ) 
Disk IOs: 2
Execution Time: 0.148336 s

=================================

INSERT INTO r ( a , b ) VALUES ( 100 , 100 ) 
Disk IOs: 2
Execution Time: 0.148367 s

=================================

INSERT INTO r ( a , b ) VALUES ( 100 , 100 ) 
Disk IOs: 2
Execution Time: 0.148425 s

=================================

INSERT INTO r ( a , b ) VALUES ( 100 , 100 ) 
Disk IOs: 2
Execution Time: 0.148342 s

=================================

INSERT INTO r ( a , b ) VALUES ( 100 , 100 ) 
Disk IOs: 2
Execution Time: 0.148398 s

=================================

INSERT INTO r ( a , b ) VALUES ( 100 , 100 ) 
Disk IOs: 2
Execution Time: 0.148349 s

=================================

INSERT INTO r ( a , b ) VALUES ( 100 , 100 ) 
Disk IOs: 2
Execution Time: 0.148352 s

=================================

INSERT INTO r ( a , b ) VALUES ( 100 , 100 ) 
Disk IOs: 2
Execution Time: 0.148323 s

=================================

INSERT INTO r ( a , b ) VALUES ( 100 , 100 ) 
Disk IOs: 2
Execution Time: 0.148316 s

=================================

INSERT INTO r ( a , b ) VALUES ( 100 , 100 ) 
Disk IOs: 2
Execution Time: 0.148318 s

=================================

INSERT INTO r ( a , b ) VALUES ( 100 , 100 ) 
Disk IOs: 2
Execution Time: 0.148335 s

=================================

INSERT INTO r ( a , b ) VALUES ( 100 , 100 ) 
Disk IOs: 2
Execution Time: 0.148427 s

=================================

INSERT INTO r ( a , b ) VALUES ( 100 , 100 ) 
Disk IOs: 2
Execution Time: 0.14835 s

=================================

INSERT INTO r ( a , b ) VALUES ( 100 , 100 ) 
Disk IOs: 2
Execution Time: 0.148301 s

=================================

INSERT INTO r ( a , b ) VALUES ( 100 , 100 ) 
Disk IOs: 2
Execution Time: 0.148348 s

=================================

INSERT INTO r ( a , b ) VALUES ( 100 , 100 ) 
Disk IOs: 2
Execution Time: 0.148322 s

=================================

INSERT INTO r ( a , b ) VALUES ( 100 , 100 ) 
Disk IOs: 2
Execution Time: 0.148303 s

=================================

INSERT INTO r ( a , b ) VALUES ( 100 , 100 ) 
Disk IOs: 2
Execution Time: 0.148328 s

=================================

INSERT INTO r ( a , b ) VALUES ( 100 , 100 ) 
Disk IOs: 2
Execution Time: 0.148525 s

=================================

INSERT INTO r ( a , b ) VALUES ( 100 , 100 ) 
Disk IOs: 2
Execution Time: 0.148353 s

=================================

INSERT INTO r ( a , b ) VALUES ( 100 , 100 ) 
Disk IOs: 2
Execution Time: 0.148391 s

=================================

INSERT INTO r ( a , b ) VALUES ( 100 , 100 ) 
Disk IOs: 2
Execution Time: 0.148318 s

=================================

INSERT INTO r ( a , b ) VALUES ( 100 , 100 ) 
Disk IOs: 2
Execution Time: 0.148632 s

=================================

INSERT INTO r ( a , b ) VALUES ( 100 , 100 ) 
Disk IOs: 2
Execution Time: 0.148327 s

=================================

INSERT INTO r ( a , b ) VALUES ( 100 , 100 ) 
Disk IOs: 2
Execution Time: 0.148333 s

=================================

INSERT INTO r ( a , b ) VALUES ( 100 , 100 ) 
Disk IOs: 2
Execution Time: 0.148319 s

=================================

INSERT INTO r ( a , b ) VALUES ( 100 , 100 ) 
Disk IOs: 2
Execution Time: 0.148326 s

=================================

INSERT INTO r ( a , b ) VALUES ( 100 , 100 ) 
Disk IOs: 2
Execution Time: 0.148354 s

=================================

INSERT INTO r ( a , b ) VALUES ( 100 , 100 ) 
Disk IOs: 2
Execution Time: 0.148323 s

=================================

INSERT INTO s ( b , c ) VALUES ( 0 , 0 ) 
Disk IOs: 1
Execution Time: 0.074319 s

=================================

INSERT INTO s ( b , c ) VALUES ( 2 , 2 ) 
Disk IOs: 2
Execution Time: 0.148366 s

=================================

INSERT INTO s ( b , c ) VALUES ( 3 , 3 ) 
Disk IOs: 2
Execution Time: 0.148321 s

=================================

INSERT INTO s ( b , c ) VALUES ( 0 , 0 ) 
Disk IOs: 2
Execution Time: 0.148322 s

=================================

INSERT INTO s ( b , c ) VALUES ( 0 , 0 ) 
Disk IOs: 2
Execution Time: 0.148312 s

=================================

INSERT INTO s ( b , c ) VALUES ( 1 , 1 ) 
Disk IOs: 2
Execution Time: 0.148307 s

=================================

INSERT INTO s ( b , c ) VALUES ( 1 , 1 ) 
Disk IOs: 2
Execution Time: 0.148324 s

=================================

INSERT INTO s ( b , c ) VALUES ( 2 , 2 ) 
Disk IOs: 2
Execution Time: 0.148326 s

=================================

INSERT INTO s ( b , c ) VALUES ( 2 , 2 ) 
Disk IOs: 2
Execution Time: 0.148331 s

=================================

INSERT INTO s ( b , c ) VALUES ( 3 , 3 ) 
Disk IOs: 2
Execution Time: 0.148379 s

=================================

INSERT INTO s ( b , c ) VALUES ( 3 , 3 ) 
Disk IOs: 2
Execution Time: 0.148581 s

=================================

INSERT INTO s ( b , c ) VALUES ( 3 , 3 ) 
Disk IOs: 2
Execution Time: 0.148294 s

=================================

INSERT INTO s ( b , c ) VALUES ( 101 , 101 ) 
Disk IOs: 2
Execution Time: 0.14832 s

=================================

INSERT INTO s ( b , c ) VALUES ( 101 , 101 ) 
Disk IOs: 2
Execution Time: 0.148324 s

=================================

INSERT INTO s ( b , c ) VALUES ( 101 , 101 ) 
Disk IOs: 2
Execution Time: 0.148358 s

=================================

INSERT INTO s ( b , c ) VALUES ( 101 , 101 ) 
Disk IOs: 2
Execution Time: 0.148309 s

=================================

INSERT INTO s ( b , c ) VALUES ( 101 , 101 ) 
Disk IOs: 2
Execution Time: 0.148338 s

=================================

INSERT INTO s ( b , c ) VALUES ( 101 , 101 ) 
Disk IOs: 2
Execution Time: 0.148315 s

=================================

INSERT INTO s ( b , c ) VALUES ( 101 , 101 ) 
Disk IOs: 2
Execution Time: 0.148347 s

=================================

INSERT INTO s ( b , c ) VALUES ( 101 , 101 ) 
Disk IOs: 2
Execution Time: 0.148306 s

=================================

INSERT INTO s ( b , c ) VALUES ( 101 , 101 ) 
Disk IOs: 2
Execution Time: 0.148324 s

=================================

INSERT INTO s ( b , c ) VALUES ( 101 , 101 ) 
Disk IOs: 2
Execution Time: 0.148323 s

=================================

INSERT INTO s ( b , c ) VALUES ( 101 , 101 ) 
Disk IOs: 2
Execution Time: 0.148362 s

=================================

INSERT INTO s ( b , c ) VALUES ( 101 , 101 ) 
Disk IOs: 2
Execution Time: 0.14852 s

=================================

INSERT INTO s ( b , c ) VALUES ( 101 , 101 ) 
Disk IOs: 2
Execution Time: 0.14832 s

=================================

INSERT INTO s ( b , c ) VALUES ( 101 , 101 ) 
Disk IOs: 2
Execution Time: 0.148358 s

=================================

INSERT INTO s ( b , c ) VALUES ( 101 , 101 ) 
Disk IOs: 2
Execution Time: 0.148452 s

=================================

INSERT INTO s ( b , c ) VALUES ( 101 , 101 ) 
Disk IOs: 2
Execution Time: 0.148374 s

=================================

INSERT INTO s ( b , c ) VALUES ( 101 , 101 ) 
Disk IOs: 2
Execution Time: 0.148324 s

=================================

INSERT INTO s ( b , c ) VALUES ( 101 , 101 ) 
Disk IOs: 2
Execution Time: 0.148484 s

=================================

INSERT INTO s ( b , c ) VALUES ( 101 , 101 ) 
Disk IOs: 2
Execution Time: 0.148436 s

=================================

INSERT INTO s ( b , c ) VALUES ( 101 , 101 ) 
Disk IOs: 2
Execution Time: 0.148375 s

=================================

INSERT INTO s ( b , c ) VALUES ( 101 , 101 ) 
Disk IOs: 2
Execution Time: 0.148339 s

=================================

INSERT INTO s ( b , c ) VALUES ( 101 , 101 ) 
Disk IOs: 2
Execution Time: 0.148347 s

=================================

INSERT INTO s ( b , c ) VALUES ( 101 , 101 ) 
Disk IOs: 2
Execution Time: 0.148544 s

=================================

INSERT INTO s ( b , c ) VALUES ( 101 , 101 ) 
Disk IOs: 2
Execution Time: 0.148553 s

=================================

INSERT INTO s ( b , c ) VALUES ( 101 , 101 ) 
Disk IOs: 2
Execution Time: 0.148332 s

=================================

INSERT INTO s ( b , c ) VALUES ( 101 , 101 ) 
Disk IOs: 2
Execution Time: 0.14839 s

=================================

INSERT INTO s ( b , c ) VALUES ( 101 , 101 ) 
Disk IOs: 2
Execution Time: 0.148446 s

=================================

INSERT INTO s ( b , c ) VALUES ( 101 , 101 ) 
Disk IOs: 2
Execution Time: 0.148491 s

=================================

INSERT INTO s ( b , c ) VALUES ( 101 , 101 ) 
Disk IOs: 2
Execution Time: 0.148524 s

=================================

INSERT INTO t ( a , c ) VALUES ( 0 , 0 ) 
Disk IOs: 1
Execution Time: 0.074407 s

=================================

INSERT INTO t ( a , c ) VALUES ( 1 , 1 ) 
Disk IOs: 2
Execution Time: 0.148342 s

=================================

INSERT INTO t ( a , c ) VALUES ( 2 , 2 ) 
Disk IOs: 2
Execution Time: 0.148382 s

=================================

INSERT INTO t ( a , c ) VALUES ( 0 , 0 ) 
Disk IOs: 2
Execution Time: 0.148552 s

=================================

INSERT INTO t ( a , c ) VALUES ( 1 , 1 ) 
Disk IOs: 2
Execution Time: 0.148428 s

=================================

INSERT INTO t ( a , c ) VALUES ( 1 , 1 ) 
Disk IOs: 2
Execution Time: 0.148449 s

=================================

INSERT INTO t ( a , c ) VALUES ( 2 , 2 ) 
Disk IOs: 2
Execution Time: 0.148588 s

=================================

INSERT INTO t ( a , c ) VALUES ( 3 , 3 ) 
Disk IOs: 2
Execution Time: 0.148356 s

=================================

INSERT INTO t ( a , c ) VALUES ( 102 , 102 ) 
Disk IOs: 2
Execution Time: 0.148572 s

=================================

INSERT INTO t ( a , c ) VALUES ( 102 , 102 ) 
Disk IOs: 2
Execution Time: 0.14856 s

=================================

INSERT INTO t ( a , c ) VALUES ( 102 , 102 ) 
Disk IOs: 2
Execution Time: 0.148521 s

=================================

INSERT INTO t ( a , c ) VALUES ( 102 , 102 ) 
Disk IOs: 2
Execution Time: 0.148531 s

=================================

INSERT INTO t ( a , c ) VALUES ( 102 , 102 ) 
Disk IOs: 2
Execution Time: 0.148482 s

=================================

INSERT INTO t ( a , c ) VALUES ( 102 , 102 ) 
Disk IOs: 2
Execution Time: 0.148415 s

=================================

INSERT INTO t ( a , c ) VALUES ( 102 , 102 ) 
Disk IOs: 2
Execution Time: 0.148879 s

=================================

INSERT INTO t ( a , c ) VALUES ( 102 , 102 ) 
Disk IOs: 2
Execution Time: 0.149308 s

=================================

INSERT INTO t ( a , c ) VALUES ( 102 , 102 ) 
Disk IOs: 2
Execution Time: 0.149398 s

=================================

INSERT INTO t ( a , c ) VALUES ( 102 , 102 ) 
Disk IOs: 2
Execution Time: 0.148816 s

=================================

INSERT INTO t ( a , c ) VALUES ( 102 , 102 ) 
Disk IOs: 2
Execution Time: 0.148341 s

=================================

INSERT INTO t ( a , c ) VALUES ( 102 , 102 ) 
Disk IOs: 2
Execution Time: 0.148378 s

=================================

INSERT INTO t ( a , c ) VALUES ( 102 , 102 ) 
Disk IOs: 2
Execution Time: 0.148373 s

=================================

INSERT INTO t ( a , c ) VALUES ( 102 , 102 ) 
Disk IOs: 2
Execution Time: 0.148359 s

=================================

INSERT INTO t ( a , c ) VALUES ( 102 , 102 ) 
Disk IOs: 2
Execution Time: 0.14833 s

=================================

INSERT INTO t ( a , c ) VALUES ( 102 , 102 ) 
Disk IOs: 2
Execution Time: 0.148324 s

=================================

INSERT INTO t ( a , c ) VALUES ( 102 , 102 ) 
Disk IOs: 2
Execution Time: 0.148316 s

=================================

INSERT INTO t ( a , c ) VALUES ( 102 , 102 ) 
Disk IOs: 2
Execution Time: 0.148523 s

=================================

INSERT INTO t ( a , c ) VALUES ( 102 , 102 ) 
Disk IOs: 2
Execution Time: 0.148323 s

=================================

INSERT INTO t ( a , c ) VALUES ( 102 , 102 ) 
Disk IOs: 2
Execution Time: 0.148326 s

=================================

INSERT INTO t ( a , c ) VALUES ( 102 , 102 ) 
Disk IOs: 2
Execution Time: 0.14831 s

=================================

INSERT INTO t ( a , c ) VALUES ( 102 , 102 ) 
Disk IOs: 2
Execution Time: 0.148361 s

=================================

INSERT INTO t ( a , c ) VALUES ( 102 , 102 ) 
Disk IOs: 2
Execution Time: 0.148348 s

=================================

INSERT INTO t ( a , c ) VALUES ( 102 , 102 ) 
Disk IOs: 2
Execution Time: 0.148359 s

=================================

INSERT INTO t ( a , c ) VALUES ( 102 , 102 ) 
Disk IOs: 2
Execution Time: 0.148516 s

=================================

INSERT INTO t ( a , c ) VALUES ( 102 , 102 ) 
Disk IOs: 2
Execution Time: 0.148331 s

=================================

INSERT INTO t ( a , c ) VALUES ( 102 , 102 ) 
Disk IOs: 2
Execution Time: 0.148349 s

=================================

INSERT INTO t ( a , c ) VALUES ( 102 , 102 ) 
Disk IOs: 2
Execution Time: 0.148529 s

=================================

INSERT INTO t ( a , c ) VALUES ( 102 , 102 ) 
Disk IOs: 2
Execution Time: 0.148572 s

=================================

INSERT INTO t ( a , c ) VALUES ( 102 , 102 ) 
Disk IOs: 2
Execution Time: 0.148531 s

=================================

INSERT INTO t ( a , c ) VALUES ( 102 , 102 ) 
Disk IOs: 2
Execution Time: 0.148353 s

=================================

INSERT INTO t ( a , c ) VALUES ( 102 , 102 ) 
Disk IOs: 2
Execution Time: 0.148516 s

=================================

INSERT INTO t ( a , c ) VALUES ( 102 , 102 ) 
Disk IOs: 2
Execution Time: 0.148334 s

=================================

SELECT * FROM r , s , t WHERE r.a = t.a AND r.b = s.b AND s.c = t.c 
r.a r.b s.b s.c t.a t.c 
-----------------
0	0	0	0	0	0	
0	0	0	0	0	0	
0	0	0	0	0	0	
0	0	0	0	0	0	
0	0	0	0	0	0	
0	0	0	0	0	0	
0	0	0	0	0	0	
0	0	0	0	0	0	
0	0	0	0	0	0	
0	0	0	0	0	0	
0	0	0	0	0	0	
0	0	0	0	0	0	
1	1	1	1	1	1	
1	1	1	1	1	1	
1	1	1	1	1	1	
1	1	1	1	1	1	
1	1	1	1	1	1	
1	1	1	1	1	1	
1	1	1	1	1	1	
1	1	1	1	1	1	
1	1	1	1	1	1	
1	1	1	1	1	1	
1	1	1	1	1	1	
1	1	1	1	1	1	
1	1	1	1	1	1	
1	1	1	1	1	1	
1	1	1	1	1	1	
1	1	1	1	1	1	
1	1	1	1	1	1	
1	1	1	1	1	1	
2	2	2	2	2	2	
2	2	2	2	2	2	
2	2	2	2	2	2	
2	2	2	2	2	2	
2	2	2	2	2	2	
2	2	2	2	2	2	
2	2	2	2	2	2	
2	2	2	2	2	2	
2	2	2	2	2	2	
2	2	2	2	2	2	
2	2	2	2	2	2	
2	2	2	2	2	2	
3	3	3	3	3	3	
3	3	3	3	3	3	
3	3	3	3	3	3	
3	3	3	3	3	3	
-----------------

Disk IOs: 261
Execution Time: 18.6175 s

=================================

DROP TABLE r 
Disk IOs: 0
Execution Time: 5.5e-05 s

=================================

DROP TABLE s 
Disk IOs: 0
Execution Time: 3.8e-05 s

=================================

DROP TABLE t 
Disk IOs: 0
Execution Time: 4.2e-05 s

=================================

CREATE TABLE t1 ( c INT ) 
Disk IOs: 0
Execution Time: 0.000107 s

=================================

CREATE TABLE t2 ( c INT ) 
Disk IOs: 0
Execution Time: 0.000103 s

=================================

CREATE TABLE t3 ( c INT ) 
Disk IOs: 0
Execution Time: 9.4e-05 s

=================================

CREATE TABLE t4 ( c INT ) 
Disk IOs: 0
Execution Time: 9.3e-05 s

=================================

CREATE TABLE t5 ( c INT ) 
Disk IOs: 0
Execution Time: 0.000101 s

=================================

CREATE TABLE t6 ( c INT ) 
Disk IOs: 0
Execution Time: 9.4e-05 s

=================================

INSERT INTO t1 ( c ) VALUES ( 0 ) 
Disk IOs: 1
Execution Time: 0.074189 s

=================================

INSERT INTO t1 ( c ) VALUES ( 1 ) 
Disk IOs: 2
Execution Time: 0.148267 s

=================================

INSERT INTO t1 ( c ) VALUES ( 2 ) 
Disk IOs: 2
Execution Time: 0.14828 s

=================================

INSERT INTO t1 ( c ) VALUES ( 3 ) 
Disk IOs: 2
Execution Time: 0.148271 s

=================================

INSERT INTO t1 ( c ) VALUES ( 4 ) 
Disk IOs: 2
Execution Time: 0.148264 s

=================================

INSERT INTO t2 ( c ) VALUES ( 0 ) 
Disk IOs: 1
Execution Time: 0.074248 s

=================================

INSERT INTO t2 ( c ) VALUES ( 1 ) 
Disk IOs: 2
Execution Time: 0.148261 s

=================================

INSERT INTO t2 ( c ) VALUES ( 2 ) 
Disk IOs: 2
Execution Time: 0.148272 s

=================================

INSERT INTO t2 ( c ) VALUES ( 3 ) 
Disk IOs: 2
Execution Time: 0.148283 s

=================================

INSERT INTO t3 ( c ) VALUES ( 0 ) 
Disk IOs: 1
Execution Time: 0.074241 s

=================================

INSERT INTO t3 ( c ) VALUES ( 1 ) 
Disk IOs: 2
Execution Time: 0.148255 s

=================================

INSERT INTO t3 ( c ) VALUES ( 2 ) 
Disk IOs: 2
Execution Time: 0.148279 s

=================================

INSERT INTO t3 ( c ) VALUES ( 3 ) 
Disk IOs: 2
Execution Time: 0.148269 s

=================================

INSERT INTO t4 ( c ) VALUES ( 0 ) 
Disk IOs: 1
Execution Time: 0.074235 s

=================================

INSERT INTO t4 ( c ) VALUES ( 1 ) 
Disk IOs: 2
Execution Time: 0.148263 s

=================================

INSERT INTO t5 ( c ) VALUES ( 0 ) 
Disk IOs: 1
Execution Time: 0.074226 s

=================================

INSERT INTO t5 ( c ) VALUES ( 0 ) 
Disk IOs: 2
Execution Time: 0.148258 s

=================================

INSERT INTO t6 ( c ) VALUES ( 0 ) 
Disk IOs: 1
Execution Time: 0.074227 s

=================================

SELECT * FROM t1 , t2 , t3 , t4 , t5 , t6 
t1.c t2.c t3.c t4.c t6.c t5.c 
-----------------
4	0	3	0	0	0	
4	0	3	0	0	0	
3	0	3	0	0	0	
3	0	3	0	0	0	
2	0	3	0	0	0	
2	0	3	0	0	0	
1	0	3	0	0	0	
1	0	3	0	0	0	
0	0	3	0	0	0	
0	0	3	0	0	0	
4	1	3	0	0	0	
4	1	3	0	0	0	
3	1	3	0	0	0	
3	1	3	0	0	0	
2	1	3	0	0	0	
2	1	3	0	0	0	
1	1	3	0	0	0	
1	1	3	0	0	0	
0	1	3	0	0	0	
0	1	3	0	0	0	
4	2	3	0	0	0	
4	2	3	0	0	0	
3	2	3	0	0	0	
3	2	3	0	0	0	
2	2	3	0	0	0	
2	2	3	0	0	0	
1	2	3	0	0	0	
1	2	3	0	0	0	
0	2	3	0	0	0	
0	2	3	0	0	0	
4	3	3	0	0	0	
4	3	3	0	0	0	
3	3	3	0	0	0	
3	3	3	0	0	0	
2	3	3	0	0	0	
2	3	3	0	0	0	
1	3	3	0	0	0	
1	3	3	0	0	0	
0	3	3	0	0	0	
0	3	3	0	0	0	
4	0	3	1	0	0	
4	0	3	1	0	0	
3	0	3	1	0	0	
3	0	3	1	0	0	
2	0	3	1	0	0	
2	0	3	1	0	0	
1	0	3	1	0	0	
1	0	3	1	0	0	
0	0	3	1	0	0	
0	0	3	1	0	0	
4	1	3	1	0	0	
4	1	3	1	0	0	
3	1	3	1	0	0	
3	1	3	1	0	0	
2	1	3	1	0	0	
2	1	3	1	0	0	
1	1	3	1	0	0	
1	1	3	1	0	0	
0	1	3	1	0	0	
0	1	3	1	0	0	
4	2	3	1	0	0	
4	2	3	1	0	0	
3	2	3	1	0	0	
3	2	3	1	0	0	
2	2	3	1	0	0	
2	2	3	1	0	0	
1	2	3	1	0	0	
1	2	3	1	0	0	
0	2	3	1	0	0	
0	2	3	1	0	0	
4	3	3	1	0	0	
4	3	3	1	0	0	
3	3	3	1	0	0	
3	3	3	1	0	0	
2	3	3	1	0	0	
2	3	3	1	0	0	
1	3	3	1	0	0	
1	3	3	1	0	0	
0	3	3	1	0	0	
0	3	3	1	0	0	
4	0	2	0	0	0	
4	0	2	0	0	0	
3	0	2	0	0	0	
3	0	2	0	0	0	
2	0	2	0	0	0	
2	0	2	0	0	0	
1	0	2	0	0	0	
1	0	2	0	0	0	
0	0	2	0	0	0	
0	0	2	0	0	0	
4	1	2	0	0	0	
4	1	2	0	0	0	
3	1	2	0	0	0	
3	1	2	0	0	0	
2	1	2	0	0	0	
2	1	2	0	0	0	
1	1	2	0	0	0	
1	1	2	0	0	0	
0	1	2	0	0	0	
0	1	2	0	0	0	
4	2	2	0	0	0	
4	2	2	0	0	0	
3	2	2	0	0	0	
3	2	2	0	0	0	
2	2	2	0	0	0	
2	2	2	0	0	0	
1	2	2	0	0	0	
1	2	2	0	0	0	
0	2	2	0	0	0	
0	2	2	0	0	0	
4	3	2	0	0	0	
4	3	2	0	0	0	
3	3	2	0	0	0	
3	3	2	0	0	0	
2	3	2	0	0	0	
2	3	2	0	0	0	
1	3	2	0	0	0	
1	3	2	0	0	0	
0	3	2	0	0	0	
0	3	2	0	0	0	
4	0	2	1	0	0	
4	0	2	1	0	0	
3	0	2	1	0	0	
3	0	2	1	0	0	
2	0	2	1	0	0	
2	0	2	1	0	0	
1	0	2	1	0	0	
1	0	2	1	0	0	
0	0	2	1	0	0	
0	0	2	1	0	0	
4	1	2	1	0	0	
4	1	2	1	0	0	
3	1	2	1	0	0	
3	1	2	1	0	0	
2	1	2	1	0	0	
2	1	2	1	0	0	
1	1	2	1	0	0	
1	1	2	1	0	0	
0	1	2	1	0	0	
0	1	2	1	0	0	
4	2	2	1	0	0	
4	2	2	1	0	0	
3	2	2	1	0	0	
3	2	2	1	0	0	
2	2	2	1	0	0	
2	2	2	1	0	0	
1	2	2	1	0	0	
1	2	2	1	0	0	
0	2	2	1	0	0	
0	2	2	1	0	0	
4	3	2	1	0	0	
4	3	2	1	0	0	
3	3	2	1	0	0	
3	3	2	1	0	0	
2	3	2	1	0	0	
2	3	2	1	0	0	
1	3	2	1	0	0	
1	3	2	1	0	0	
0	3	2	1	0	0	
0	3	2	1	0	0	
4	0	1	0	0	0	
4	0	1	0	0	0	
3	0	1	0	0	0	
3	0	1	0	0	0	
2	0	1	0	0	0	
2	0	1	0	0	0	
1	0	1	0	0	0	
1	0	1	0	0	0	
0	0	1	0	0	0	
0	0	1	0	0	0	
4	1	1	0	0	0	
4	1	1	0	0	0	
3	1	1	0	0	0	
3	1	1	0	0	0	
2	1	1	0	0	0	
2	1	1	0	0	0	
1	1	1	0	0	0	
1	1	1	0	0	0	
0	1	1	0	0	0	
0	1	1	0	0	0	
4	2	1	0	0	0	
4	2	1	0	0	0	
3	2	1	0	0	0	
3	2	1	0	0	0	
2	2	1	0	0	0	
2	2	1	0	0	0	
1	2	1	0	0	0	
1	2	1	0	0	0	
0	2	1	0	0	0	
0	2	1	0	0	0	
4	3	1	0	0	0	
4	3	1	0	0	0	
3	3	1	0	0	0	
3	3	1	0	0	0	
2	3	1	0	0	0	
2	3	1	0	0	0	
1	3	1	0	0	0	
1	3	1	0	0	0	
0	3	1	0	0	0	
0	3	1	0	0	0	
4	0	1	1	0	0	
4	0	1	1	0	0	
3	0	1	1	0	0	
3	0	1	1	0	0	
2	0	1	1	0	0	
2	0	1	1	0	0	
1	0	1	1	0	0	
1	0	1	1	0	0	
0	0	1	1	0	0	
0	0	1	1	0	0	
4	1	1	1	0	0	
4	1	1	1	0	0	
3	1	1	1	0	0	
3	1	1	1	0	0	
2	1	1	1	0	0	
2	1	1	1	0	0	
1	1	1	1	0	0	
1	1	1	1	0	0	
0	1	1	1	0	0	
0	1	1	1	0	0	
4	2	1	1	0	0	
4	2	1	1	0	0	
3	2	1	1	0	0	
3	2	1	1	0	0	
2	2	1	1	0	0	
2	2	1	1	0	0	
1	2	1	1	0	0	
1	2	1	1	0	0	
0	2	1	1	0	0	
0	2	1	1	0	0	
4	3	1	1	0	0	
4	3	1	1	0	0	
3	3	1	1	0	0	
3	3	1	1	0	0	
2	3	1	1	0	0	
2	3	1	1	0	0	
1	3	1	1	0	0	
1	3	1	1	0	0	
0	3	1	1	0	0	
0	3	1	1	0	0	
4	0	0	0	0	0	
4	0	0	0	0	0	
3	0	0	0	0	0	
3	0	0	0	0	0	
2	0	0	0	0	0	
2	0	0	0	0	0	
1	0	0	0	0	0	
1	0	0	0	0	0	
0	0	0	0	0	0	
0	0	0	0	0	0	
4	1	0	0	0	0	
4	1	0	0	0	0	
3	1	0	0	0	0	
3	1	0	0	0	0	
2	1	0	0	0	0	
2	1	0	0	0	0	
1	1	0	0	0	0	
1	1	0	0	0	0	
0	1	0	0	0	0	
0	1	0	0	0	0	
4	2	0	0	0	0	
4	2	0	0	0	0	
3	2	0	0	0	0	
3	2	0	0	0	0	
2	2	0	0	0	0	
2	2	0	0	0	0	
1	2	0	0	0	0	
1	2	0	0	0	0	
0	2	0	0	0	0	
0	2	0	0	0	0	
4	3	0	0	0	0	
4	3	0	0	0	0	
3	3	0	0	0	0	
3	3	0	0	0	0	
2	3	0	0	0	0	
2	3	0	0	0	0	
1	3	0	0	0	0	
1	3	0	0	0	0	
0	3	0	0	0	0	
0	3	0	0	0	0	
4	0	0	1	0	0	
4	0	0	1	0	0	
3	0	0	1	0	0	
3	0	0	1	0	0	
2	0	0	1	0	0	
2	0	0	1	0	0	
1	0	0	1	0	0	
1	0	0	1	0	0	
0	0	0	1	0	0	
0	0	0	1	0	0	
4	1	0	1	0	0	
4	1	0	1	0	0	
3	1	0	1	0	0	
3	1	0	1	0	0	
2	1	0	1	0	0	
2	1	0	1	0	0	
1	1	0	1	0	0	
1	1	0	1	0	0	
0	1	0	1	0	0	
0	1	0	1	0	0	
4	2	0	1	0	0	
4	2	0	1	0	0	
3	2	0	1	0	0	
3	2	0	1	0	0	
2	2	0	1	0	0	
2	2	0	1	0	0	
1	2	0	1	0	0	
1	2	0	1	0	0	
0	2	0	1	0	0	
0	2	0	1	0	0	
4	3	0	1	0	0	
4	3	0	1	0	0	
3	3	0	1	0	0	
3	3	0	1	0	0	
2	3	0	1	0	0	
2	3	0	1	0	0	
1	3	0	1	0	0	
1	3	0	1	0	0	
0	3	0	1	0	0	
0	3	0	1	0	0	
-----------------

Disk IOs: 410
Execution Time: 30.3677 s

=================================

DROP TABLE t1 
Disk IOs: 0
Execution Time: 5.1e-05 s

=================================

DROP TABLE t2 
Disk IOs: 0
Execution Time: 3.9e-05 s

=================================

DROP TABLE t3 
Disk IOs: 0
Execution Time: 4e-05 s

=================================

DROP TABLE t4 
Disk IOs: 0
Execution Time: 3.8e-05 s

=================================

DROP TABLE t5 
Disk IOs: 0
Execution Time: 3.7e-05 s

=================================

DROP TABLE t6 
Disk IOs: 0
Execution Time: 6.6e-05 s

=================================

